<?xml version="1.0" encoding="UTF-8"?>
<coverage generated="1774377073571" clover="3.2.0">
  <project timestamp="1774377073571" name="All files">
    <metrics statements="8" coveredstatements="8" conditionals="14" coveredconditionals="7" methods="0" coveredmethods="0" elements="22" coveredelements="15" complexity="0" loc="8" ncloc="8" packages="1" files="1" classes="1"/>
    <file name="joinStrings.js" path="/home/gleb/Projects/JS/top/javascript-exercises/foundations/05_joinStrings/joinStrings.js">
      <metrics statements="8" coveredstatements="8" conditionals="14" coveredconditionals="7" methods="0" coveredmethods="0"/>
      <line num="11" count="1" type="stmt"/>
      <line num="12" count="1" type="stmt"/>
      <line num="13" count="1" type="stmt"/>
      <line num="14" count="1" type="stmt"/>
      <line num="15" count="1" type="stmt"/>
      <line num="16" count="1" type="stmt"/>
      <line num="17" count="1" type="stmt"/>
      <line num="20" count="1" type="stmt"/>
    </file>
  </project>
</coverage>
