{"/home/gleb/Projects/JS/top/javascript-exercises/foundations/05_joinStrings/joinStrings.js": {"path":"/home/gleb/Projects/JS/top/javascript-exercises/foundations/05_joinStrings/joinStrings.js","statementMap":{"0":{"start":{"line":11,"column":16},"end":{"line":11,"column":24}},"1":{"start":{"line":12,"column":15},"end":{"line":12,"column":26}},"2":{"start":{"line":13,"column":15},"end":{"line":13,"column":41}},"3":{"start":{"line":14,"column":15},"end":{"line":14,"column":19}},"4":{"start":{"line":15,"column":16},"end":{"line":15,"column":20}},"5":{"start":{"line":16,"column":10},"end":{"line":16,"column":30}},"6":{"start":{"line":17,"column":15},"end":{"line":17,"column":83}},"7":{"start":{"line":20,"column":0},"end":{"line":28,"column":1}}},"fnMap":{},"branchMap":{"0":{"loc":{"start":{"line":21,"column":13},"end":{"line":21,"column":69}},"type":"cond-expr","locations":[{"start":{"line":21,"column":48},"end":{"line":21,"column":57}},{"start":{"line":21,"column":60},"end":{"line":21,"column":69}}],"line":21},"1":{"loc":{"start":{"line":22,"column":12},"end":{"line":22,"column":66}},"type":"cond-expr","locations":[{"start":{"line":22,"column":46},"end":{"line":22,"column":55}},{"start":{"line":22,"column":58},"end":{"line":22,"column":66}}],"line":22},"2":{"loc":{"start":{"line":23,"column":12},"end":{"line":23,"column":66}},"type":"cond-expr","locations":[{"start":{"line":23,"column":46},"end":{"line":23,"column":55}},{"start":{"line":23,"column":58},"end":{"line":23,"column":66}}],"line":23},"3":{"loc":{"start":{"line":24,"column":13},"end":{"line":24,"column":69}},"type":"cond-expr","locations":[{"start":{"line":24,"column":48},"end":{"line":24,"column":57}},{"start":{"line":24,"column":60},"end":{"line":24,"column":69}}],"line":24},"4":{"loc":{"start":{"line":25,"column":12},"end":{"line":25,"column":66}},"type":"cond-expr","locations":[{"start":{"line":25,"column":46},"end":{"line":25,"column":55}},{"start":{"line":25,"column":58},"end":{"line":25,"column":66}}],"line":25},"5":{"loc":{"start":{"line":26,"column":12},"end":{"line":26,"column":66}},"type":"cond-expr","locations":[{"start":{"line":26,"column":46},"end":{"line":26,"column":55}},{"start":{"line":26,"column":58},"end":{"line":26,"column":66}}],"line":26},"6":{"loc":{"start":{"line":27,"column":7},"end":{"line":27,"column":51}},"type":"cond-expr","locations":[{"start":{"line":27,"column":36},"end":{"line":27,"column":45}},{"start":{"line":27,"column":48},"end":{"line":27,"column":51}}],"line":27}},"s":{"0":1,"1":1,"2":1,"3":1,"4":1,"5":1,"6":1,"7":1},"f":{},"b":{"0":[0,1],"1":[0,1],"2":[0,1],"3":[0,1],"4":[0,1],"5":[0,1],"6":[0,1]},"_coverageSchema":"1a1c01bbd47fc00a2c39e90264f33305004495a9","hash":"f849e6201be5047e84d3f050e361fb94f1e81133"}
}
